build/app/intermediates/manifest_merge_blame_file/debug/manifest-merger-blame-debug-report.txt
1<?xml version="1.0" encoding="utf-8"?>
2<manifest xmlns:android="http://schemas.android.com/apk/res/android"
3    package="com.example.quiz_test_app"
4    android:versionCode="5"
5    android:versionName="1.0.3" >
6
7    <uses-sdk
8        android:minSdkVersion="21"
9        android:targetSdkVersion="34" />
10    <!--
11         The INTERNET permission is required for development. Specifically,
12         the Flutter tool needs it to communicate with the running application
13         to allow setting breakpoints, to provide hot reload, etc.
14    -->
15    <uses-permission android:name="android.permission.INTERNET" />
15-->src\debug\AndroidManifest.xml:6:5-66
15-->src\debug\AndroidManifest.xml:6:22-64
16    <!--
17     Required to query activities that can process text, see:
18         https://developer.android.com/training/package-visibility and
19         https://developer.android.com/reference/android/content/Intent#ACTION_PROCESS_TEXT.
20
21         In particular, this is used by the Flutter engine in io.flutter.plugin.text.ProcessTextPlugin.
22    -->
23    <queries>
23-->src\main\AndroidManifest.xml:39:5-44:15
24        <intent>
24-->src\main\AndroidManifest.xml:40:9-43:18
25            <action android:name="android.intent.action.PROCESS_TEXT" />
25-->src\main\AndroidManifest.xml:41:13-72
25-->src\main\AndroidManifest.xml:41:21-70
26
27            <data android:mimeType="text/plain" />
27-->src\main\AndroidManifest.xml:42:13-50
27-->src\main\AndroidManifest.xml:42:19-48
28        </intent>
29        <intent>
29-->[androidx.media2:media2-session:1.2.1] AndroidManifest.xml:25:9-27:18
30            <action android:name="android.media.browse.MediaBrowserService" />
30-->[androidx.media2:media2-session:1.2.1] AndroidManifest.xml:26:13-79
30-->[androidx.media2:media2-session:1.2.1] AndroidManifest.xml:26:21-76
31        </intent>
32        <intent>
32-->[androidx.media2:media2-session:1.2.1] AndroidManifest.xml:28:9-30:18
33            <action android:name="androidx.media2.session.MediaSessionService" />
33-->[androidx.media2:media2-session:1.2.1] AndroidManifest.xml:29:13-82
33-->[androidx.media2:media2-session:1.2.1] AndroidManifest.xml:29:21-79
34        </intent>
35        <intent>
35-->[androidx.media2:media2-session:1.2.1] AndroidManifest.xml:31:9-33:18
36            <action android:name="androidx.media2.session.MediaLibraryService" />
36-->[androidx.media2:media2-session:1.2.1] AndroidManifest.xml:32:13-82
36-->[androidx.media2:media2-session:1.2.1] AndroidManifest.xml:32:21-79
37        </intent>
38    </queries>
39
40    <uses-permission android:name="android.permission.ACCESS_NETWORK_STATE" />
40-->[:connectivity] AndroidManifest.xml:9:5-79
40-->[:connectivity] AndroidManifest.xml:9:22-76
41    <uses-permission android:name="android.permission.WAKE_LOCK" />
41-->[:firebase_analytics] AndroidManifest.xml:11:5-68
41-->[:firebase_analytics] AndroidManifest.xml:11:22-65
42    <uses-permission android:name="com.google.android.gms.permission.AD_ID" />
42-->[com.google.android.gms:play-services-measurement-api:21.6.1] AndroidManifest.xml:25:5-79
42-->[com.google.android.gms:play-services-measurement-api:21.6.1] AndroidManifest.xml:25:22-76
43    <uses-permission android:name="android.permission.ACCESS_ADSERVICES_ATTRIBUTION" />
43-->[com.google.android.gms:play-services-measurement-api:21.6.1] AndroidManifest.xml:26:5-88
43-->[com.google.android.gms:play-services-measurement-api:21.6.1] AndroidManifest.xml:26:22-85
44    <uses-permission android:name="android.permission.ACCESS_ADSERVICES_AD_ID" />
44-->[com.google.android.gms:play-services-measurement-api:21.6.1] AndroidManifest.xml:27:5-82
44-->[com.google.android.gms:play-services-measurement-api:21.6.1] AndroidManifest.xml:27:22-79
45    <uses-permission android:name="com.google.android.providers.gsf.permission.READ_GSERVICES" />
45-->[com.google.android.recaptcha:recaptcha:18.4.0] AndroidManifest.xml:9:5-98
45-->[com.google.android.recaptcha:recaptcha:18.4.0] AndroidManifest.xml:9:22-95
46    <uses-permission android:name="com.google.android.finsky.permission.BIND_GET_INSTALL_REFERRER_SERVICE" />
46-->[com.google.android.gms:play-services-measurement:21.6.1] AndroidManifest.xml:26:5-110
46-->[com.google.android.gms:play-services-measurement:21.6.1] AndroidManifest.xml:26:22-107
47
48    <permission
48-->[androidx.core:core:1.10.1] AndroidManifest.xml:22:5-24:47
49        android:name="com.example.quiz_test_app.DYNAMIC_RECEIVER_NOT_EXPORTED_PERMISSION"
49-->[androidx.core:core:1.10.1] AndroidManifest.xml:23:9-81
50        android:protectionLevel="signature" />
50-->[androidx.core:core:1.10.1] AndroidManifest.xml:24:9-44
51
52    <uses-permission android:name="com.example.quiz_test_app.DYNAMIC_RECEIVER_NOT_EXPORTED_PERMISSION" />
52-->[androidx.core:core:1.10.1] AndroidManifest.xml:26:5-97
52-->[androidx.core:core:1.10.1] AndroidManifest.xml:26:22-94
53
54    <application
55        android:name="android.app.Application"
56        android:appComponentFactory="androidx.core.app.CoreComponentFactory"
56-->[androidx.core:core:1.10.1] AndroidManifest.xml:28:18-86
57        android:debuggable="true"
58        android:icon="@mipmap/ic_launcher"
59        android:label="quiz_test_app" >
60        <activity
61            android:name="com.example.quiz_test_app.MainActivity"
62            android:configChanges="orientation|keyboardHidden|keyboard|screenSize|smallestScreenSize|locale|layoutDirection|fontScale|screenLayout|density|uiMode"
63            android:exported="true"
64            android:hardwareAccelerated="true"
65            android:launchMode="singleTop"
66            android:taskAffinity=""
67            android:theme="@style/LaunchTheme"
68            android:windowSoftInputMode="adjustResize" >
69
70            <!--
71                 Specifies an Android theme to apply to this Activity as soon as
72                 the Android process has started. This theme is visible to the user
73                 while the Flutter UI initializes. After that, this theme continues
74                 to determine the Window background behind the Flutter UI.
75            -->
76            <meta-data
77                android:name="io.flutter.embedding.android.NormalTheme"
78                android:resource="@style/NormalTheme" />
79
80            <intent-filter>
81                <action android:name="android.intent.action.MAIN" />
82
83                <category android:name="android.intent.category.LAUNCHER" />
84            </intent-filter>
85        </activity>
86        <!--
87             Don't delete the meta-data below.
88             This is used by the Flutter tool to generate GeneratedPluginRegistrant.java
89        -->
90        <meta-data
91            android:name="flutterEmbedding"
92            android:value="2" />
93
94        <service
94-->[:cloud_firestore] AndroidManifest.xml:10:9-14:19
95            android:name="com.google.firebase.components.ComponentDiscoveryService"
95-->[:cloud_firestore] AndroidManifest.xml:10:18-89
96            android:directBootAware="true"
96-->[com.google.firebase:firebase-common:20.4.3] AndroidManifest.xml:32:13-43
97            android:exported="false" >
97-->[com.google.firebase:firebase-auth:22.3.1] AndroidManifest.xml:68:13-37
98            <meta-data
98-->[:cloud_firestore] AndroidManifest.xml:11:13-13:85
99                android:name="com.google.firebase.components:io.flutter.plugins.firebase.firestore.FlutterFirebaseFirestoreRegistrar"
99-->[:cloud_firestore] AndroidManifest.xml:12:17-134
100                android:value="com.google.firebase.components.ComponentRegistrar" />
100-->[:cloud_firestore] AndroidManifest.xml:13:17-82
101            <meta-data
101-->[:firebase_analytics] AndroidManifest.xml:15:13-17:85
102                android:name="com.google.firebase.components:io.flutter.plugins.firebase.analytics.FlutterFirebaseAppRegistrar"
102-->[:firebase_analytics] AndroidManifest.xml:16:17-128
103                android:value="com.google.firebase.components.ComponentRegistrar" />
103-->[:firebase_analytics] AndroidManifest.xml:17:17-82
104            <meta-data
104-->[:firebase_auth] AndroidManifest.xml:11:13-13:85
105                android:name="com.google.firebase.components:io.flutter.plugins.firebase.auth.FlutterFirebaseAuthRegistrar"
105-->[:firebase_auth] AndroidManifest.xml:12:17-124
106                android:value="com.google.firebase.components.ComponentRegistrar" />
106-->[:firebase_auth] AndroidManifest.xml:13:17-82
107            <meta-data
107-->[:firebase_storage] AndroidManifest.xml:11:13-13:85
108                android:name="com.google.firebase.components:io.flutter.plugins.firebase.storage.FlutterFirebaseAppRegistrar"
108-->[:firebase_storage] AndroidManifest.xml:12:17-126
109                android:value="com.google.firebase.components.ComponentRegistrar" />
109-->[:firebase_storage] AndroidManifest.xml:13:17-82
110            <meta-data
110-->[:firebase_core] AndroidManifest.xml:11:13-13:85
111                android:name="com.google.firebase.components:io.flutter.plugins.firebase.core.FlutterFirebaseCoreRegistrar"
111-->[:firebase_core] AndroidManifest.xml:12:17-124
112                android:value="com.google.firebase.components.ComponentRegistrar" />
112-->[:firebase_core] AndroidManifest.xml:13:17-82
113            <meta-data
113-->[com.google.firebase:firebase-auth:22.3.1] AndroidManifest.xml:69:13-71:85
114                android:name="com.google.firebase.components:com.google.firebase.auth.FirebaseAuthRegistrar"
114-->[com.google.firebase:firebase-auth:22.3.1] AndroidManifest.xml:70:17-109
115                android:value="com.google.firebase.components.ComponentRegistrar" />
115-->[com.google.firebase:firebase-auth:22.3.1] AndroidManifest.xml:71:17-82
116            <meta-data
116-->[com.google.firebase:firebase-firestore:24.11.0] AndroidManifest.xml:17:13-19:85
117                android:name="com.google.firebase.components:com.google.firebase.firestore.FirebaseFirestoreKtxRegistrar"
117-->[com.google.firebase:firebase-firestore:24.11.0] AndroidManifest.xml:18:17-122
118                android:value="com.google.firebase.components.ComponentRegistrar" />
118-->[com.google.firebase:firebase-firestore:24.11.0] AndroidManifest.xml:19:17-82
119            <meta-data
119-->[com.google.firebase:firebase-firestore:24.11.0] AndroidManifest.xml:20:13-22:85
120                android:name="com.google.firebase.components:com.google.firebase.firestore.FirestoreRegistrar"
120-->[com.google.firebase:firebase-firestore:24.11.0] AndroidManifest.xml:21:17-111
121                android:value="com.google.firebase.components.ComponentRegistrar" />
121-->[com.google.firebase:firebase-firestore:24.11.0] AndroidManifest.xml:22:17-82
122            <meta-data
122-->[com.google.firebase:firebase-storage:20.3.0] AndroidManifest.xml:30:13-32:85
123                android:name="com.google.firebase.components:com.google.firebase.storage.FirebaseStorageKtxRegistrar"
123-->[com.google.firebase:firebase-storage:20.3.0] AndroidManifest.xml:31:17-118
124                android:value="com.google.firebase.components.ComponentRegistrar" />
124-->[com.google.firebase:firebase-storage:20.3.0] AndroidManifest.xml:32:17-82
125            <meta-data
125-->[com.google.firebase:firebase-storage:20.3.0] AndroidManifest.xml:33:13-35:85
126                android:name="com.google.firebase.components:com.google.firebase.storage.StorageRegistrar"
126-->[com.google.firebase:firebase-storage:20.3.0] AndroidManifest.xml:34:17-107
127                android:value="com.google.firebase.components.ComponentRegistrar" />
127-->[com.google.firebase:firebase-storage:20.3.0] AndroidManifest.xml:35:17-82
128            <meta-data
128-->[com.google.android.gms:play-services-measurement-api:21.6.1] AndroidManifest.xml:37:13-39:85
129                android:name="com.google.firebase.components:com.google.firebase.analytics.connector.internal.AnalyticsConnectorRegistrar"
129-->[com.google.android.gms:play-services-measurement-api:21.6.1] AndroidManifest.xml:38:17-139
130                android:value="com.google.firebase.components.ComponentRegistrar" />
130-->[com.google.android.gms:play-services-measurement-api:21.6.1] AndroidManifest.xml:39:17-82
131            <meta-data
131-->[com.google.firebase:firebase-appcheck:17.1.2] AndroidManifest.xml:25:13-27:85
132                android:name="com.google.firebase.components:com.google.firebase.appcheck.FirebaseAppCheckKtxRegistrar"
132-->[com.google.firebase:firebase-appcheck:17.1.2] AndroidManifest.xml:26:17-120
133                android:value="com.google.firebase.components.ComponentRegistrar" />
133-->[com.google.firebase:firebase-appcheck:17.1.2] AndroidManifest.xml:27:17-82
134            <meta-data
134-->[com.google.firebase:firebase-appcheck:17.1.2] AndroidManifest.xml:28:13-30:85
135                android:name="com.google.firebase.components:com.google.firebase.appcheck.FirebaseAppCheckRegistrar"
135-->[com.google.firebase:firebase-appcheck:17.1.2] AndroidManifest.xml:29:17-117
136                android:value="com.google.firebase.components.ComponentRegistrar" />
136-->[com.google.firebase:firebase-appcheck:17.1.2] AndroidManifest.xml:30:17-82
137            <meta-data
137-->[com.google.firebase:firebase-installations:17.2.0] AndroidManifest.xml:15:13-17:85
138                android:name="com.google.firebase.components:com.google.firebase.installations.FirebaseInstallationsKtxRegistrar"
138-->[com.google.firebase:firebase-installations:17.2.0] AndroidManifest.xml:16:17-130
139                android:value="com.google.firebase.components.ComponentRegistrar" />
139-->[com.google.firebase:firebase-installations:17.2.0] AndroidManifest.xml:17:17-82
140            <meta-data
140-->[com.google.firebase:firebase-installations:17.2.0] AndroidManifest.xml:18:13-20:85
141                android:name="com.google.firebase.components:com.google.firebase.installations.FirebaseInstallationsRegistrar"
141-->[com.google.firebase:firebase-installations:17.2.0] AndroidManifest.xml:19:17-127
142                android:value="com.google.firebase.components.ComponentRegistrar" />
142-->[com.google.firebase:firebase-installations:17.2.0] AndroidManifest.xml:20:17-82
143            <meta-data
143-->[com.google.firebase:firebase-common-ktx:20.4.3] AndroidManifest.xml:12:13-14:85
144                android:name="com.google.firebase.components:com.google.firebase.ktx.FirebaseCommonLegacyRegistrar"
144-->[com.google.firebase:firebase-common-ktx:20.4.3] AndroidManifest.xml:13:17-116
145                android:value="com.google.firebase.components.ComponentRegistrar" />
145-->[com.google.firebase:firebase-common-ktx:20.4.3] AndroidManifest.xml:14:17-82
146            <meta-data
146-->[com.google.firebase:firebase-common:20.4.3] AndroidManifest.xml:35:13-37:85
147                android:name="com.google.firebase.components:com.google.firebase.FirebaseCommonKtxRegistrar"
147-->[com.google.firebase:firebase-common:20.4.3] AndroidManifest.xml:36:17-109
148                android:value="com.google.firebase.components.ComponentRegistrar" />
148-->[com.google.firebase:firebase-common:20.4.3] AndroidManifest.xml:37:17-82
149        </service>
150
151        <activity
151-->[:url_launcher_android] AndroidManifest.xml:10:9-13:74
152            android:name="io.flutter.plugins.urllauncher.WebViewActivity"
152-->[:url_launcher_android] AndroidManifest.xml:11:13-74
153            android:exported="false"
153-->[:url_launcher_android] AndroidManifest.xml:12:13-37
154            android:theme="@android:style/Theme.NoTitleBar.Fullscreen" />
154-->[:url_launcher_android] AndroidManifest.xml:13:13-71
155        <activity
155-->[com.google.firebase:firebase-auth:22.3.1] AndroidManifest.xml:29:9-46:20
156            android:name="com.google.firebase.auth.internal.GenericIdpActivity"
156-->[com.google.firebase:firebase-auth:22.3.1] AndroidManifest.xml:30:13-80
157            android:excludeFromRecents="true"
157-->[com.google.firebase:firebase-auth:22.3.1] AndroidManifest.xml:31:13-46
158            android:exported="true"
158-->[com.google.firebase:firebase-auth:22.3.1] AndroidManifest.xml:32:13-36
159            android:launchMode="singleTask"
159-->[com.google.firebase:firebase-auth:22.3.1] AndroidManifest.xml:33:13-44
160            android:theme="@android:style/Theme.Translucent.NoTitleBar" >
160-->[com.google.firebase:firebase-auth:22.3.1] AndroidManifest.xml:34:13-72
161            <intent-filter>
161-->[com.google.firebase:firebase-auth:22.3.1] AndroidManifest.xml:35:13-45:29
162                <action android:name="android.intent.action.VIEW" />
162-->[com.google.firebase:firebase-auth:22.3.1] AndroidManifest.xml:36:17-69
162-->[com.google.firebase:firebase-auth:22.3.1] AndroidManifest.xml:36:25-66
163
164                <category android:name="android.intent.category.DEFAULT" />
164-->[com.google.firebase:firebase-auth:22.3.1] AndroidManifest.xml:38:17-76
164-->[com.google.firebase:firebase-auth:22.3.1] AndroidManifest.xml:38:27-73
165                <category android:name="android.intent.category.BROWSABLE" />
165-->[com.google.firebase:firebase-auth:22.3.1] AndroidManifest.xml:39:17-78
165-->[com.google.firebase:firebase-auth:22.3.1] AndroidManifest.xml:39:27-75
166
167                <data
167-->src\main\AndroidManifest.xml:42:13-50
168                    android:host="firebase.auth"
169                    android:path="/"
170                    android:scheme="genericidp" />
171            </intent-filter>
172        </activity>
173        <activity
173-->[com.google.firebase:firebase-auth:22.3.1] AndroidManifest.xml:47:9-64:20
174            android:name="com.google.firebase.auth.internal.RecaptchaActivity"
174-->[com.google.firebase:firebase-auth:22.3.1] AndroidManifest.xml:48:13-79
175            android:excludeFromRecents="true"
175-->[com.google.firebase:firebase-auth:22.3.1] AndroidManifest.xml:49:13-46
176            android:exported="true"
176-->[com.google.firebase:firebase-auth:22.3.1] AndroidManifest.xml:50:13-36
177            android:launchMode="singleTask"
177-->[com.google.firebase:firebase-auth:22.3.1] AndroidManifest.xml:51:13-44
178            android:theme="@android:style/Theme.Translucent.NoTitleBar" >
178-->[com.google.firebase:firebase-auth:22.3.1] AndroidManifest.xml:52:13-72
179            <intent-filter>
179-->[com.google.firebase:firebase-auth:22.3.1] AndroidManifest.xml:53:13-63:29
180                <action android:name="android.intent.action.VIEW" />
180-->[com.google.firebase:firebase-auth:22.3.1] AndroidManifest.xml:36:17-69
180-->[com.google.firebase:firebase-auth:22.3.1] AndroidManifest.xml:36:25-66
181
182                <category android:name="android.intent.category.DEFAULT" />
182-->[com.google.firebase:firebase-auth:22.3.1] AndroidManifest.xml:38:17-76
182-->[com.google.firebase:firebase-auth:22.3.1] AndroidManifest.xml:38:27-73
183                <category android:name="android.intent.category.BROWSABLE" />
183-->[com.google.firebase:firebase-auth:22.3.1] AndroidManifest.xml:39:17-78
183-->[com.google.firebase:firebase-auth:22.3.1] AndroidManifest.xml:39:27-75
184
185                <data
185-->src\main\AndroidManifest.xml:42:13-50
186                    android:host="firebase.auth"
187                    android:path="/"
188                    android:scheme="recaptcha" />
189            </intent-filter>
190        </activity>
191
192        <property
192-->[com.google.android.gms:play-services-measurement-api:21.6.1] AndroidManifest.xml:30:9-32:61
193            android:name="android.adservices.AD_SERVICES_CONFIG"
193-->[com.google.android.gms:play-services-measurement-api:21.6.1] AndroidManifest.xml:31:13-65
194            android:resource="@xml/ga_ad_services_config" />
194-->[com.google.android.gms:play-services-measurement-api:21.6.1] AndroidManifest.xml:32:13-58
195
196        <uses-library
196-->[androidx.window:window:1.0.0-beta04] AndroidManifest.xml:25:9-27:40
197            android:name="androidx.window.extensions"
197-->[androidx.window:window:1.0.0-beta04] AndroidManifest.xml:26:13-54
198            android:required="false" />
198-->[androidx.window:window:1.0.0-beta04] AndroidManifest.xml:27:13-37
199        <uses-library
199-->[androidx.window:window:1.0.0-beta04] AndroidManifest.xml:28:9-30:40
200            android:name="androidx.window.sidecar"
200-->[androidx.window:window:1.0.0-beta04] AndroidManifest.xml:29:13-51
201            android:required="false" />
201-->[androidx.window:window:1.0.0-beta04] AndroidManifest.xml:30:13-37
202
203        <provider
203-->[com.google.firebase:firebase-common:20.4.3] AndroidManifest.xml:23:9-28:39
204            android:name="com.google.firebase.provider.FirebaseInitProvider"
204-->[com.google.firebase:firebase-common:20.4.3] AndroidManifest.xml:24:13-77
205            android:authorities="com.example.quiz_test_app.firebaseinitprovider"
205-->[com.google.firebase:firebase-common:20.4.3] AndroidManifest.xml:25:13-72
206            android:directBootAware="true"
206-->[com.google.firebase:firebase-common:20.4.3] AndroidManifest.xml:26:13-43
207            android:exported="false"
207-->[com.google.firebase:firebase-common:20.4.3] AndroidManifest.xml:27:13-37
208            android:initOrder="100" />
208-->[com.google.firebase:firebase-common:20.4.3] AndroidManifest.xml:28:13-36
209
210        <receiver
210-->[com.google.android.gms:play-services-measurement:21.6.1] AndroidManifest.xml:29:9-33:20
211            android:name="com.google.android.gms.measurement.AppMeasurementReceiver"
211-->[com.google.android.gms:play-services-measurement:21.6.1] AndroidManifest.xml:30:13-85
212            android:enabled="true"
212-->[com.google.android.gms:play-services-measurement:21.6.1] AndroidManifest.xml:31:13-35
213            android:exported="false" >
213-->[com.google.android.gms:play-services-measurement:21.6.1] AndroidManifest.xml:32:13-37
214        </receiver>
215
216        <service
216-->[com.google.android.gms:play-services-measurement:21.6.1] AndroidManifest.xml:35:9-38:40
217            android:name="com.google.android.gms.measurement.AppMeasurementService"
217-->[com.google.android.gms:play-services-measurement:21.6.1] AndroidManifest.xml:36:13-84
218            android:enabled="true"
218-->[com.google.android.gms:play-services-measurement:21.6.1] AndroidManifest.xml:37:13-35
219            android:exported="false" />
219-->[com.google.android.gms:play-services-measurement:21.6.1] AndroidManifest.xml:38:13-37
220        <service
220-->[com.google.android.gms:play-services-measurement:21.6.1] AndroidManifest.xml:39:9-43:72
221            android:name="com.google.android.gms.measurement.AppMeasurementJobService"
221-->[com.google.android.gms:play-services-measurement:21.6.1] AndroidManifest.xml:40:13-87
222            android:enabled="true"
222-->[com.google.android.gms:play-services-measurement:21.6.1] AndroidManifest.xml:41:13-35
223            android:exported="false"
223-->[com.google.android.gms:play-services-measurement:21.6.1] AndroidManifest.xml:42:13-37
224            android:permission="android.permission.BIND_JOB_SERVICE" />
224-->[com.google.android.gms:play-services-measurement:21.6.1] AndroidManifest.xml:43:13-69
225
226        <uses-library
226-->[androidx.privacysandbox.ads:ads-adservices:1.0.0-beta05] AndroidManifest.xml:23:9-25:40
227            android:name="android.ext.adservices"
227-->[androidx.privacysandbox.ads:ads-adservices:1.0.0-beta05] AndroidManifest.xml:24:13-50
228            android:required="false" />
228-->[androidx.privacysandbox.ads:ads-adservices:1.0.0-beta05] AndroidManifest.xml:25:13-37
229
230        <activity
230-->[com.google.android.gms:play-services-base:18.1.0] AndroidManifest.xml:20:9-22:45
231            android:name="com.google.android.gms.common.api.GoogleApiActivity"
231-->[com.google.android.gms:play-services-base:18.1.0] AndroidManifest.xml:20:19-85
232            android:exported="false"
232-->[com.google.android.gms:play-services-base:18.1.0] AndroidManifest.xml:22:19-43
233            android:theme="@android:style/Theme.Translucent.NoTitleBar" />
233-->[com.google.android.gms:play-services-base:18.1.0] AndroidManifest.xml:21:19-78
234
235        <meta-data
235-->[com.google.android.gms:play-services-basement:18.3.0] AndroidManifest.xml:21:9-23:69
236            android:name="com.google.android.gms.version"
236-->[com.google.android.gms:play-services-basement:18.3.0] AndroidManifest.xml:22:13-58
237            android:value="@integer/google_play_services_version" />
237-->[com.google.android.gms:play-services-basement:18.3.0] AndroidManifest.xml:23:13-66
238    </application>
239
240</manifest>